2022-07-25T12:29:34+00:00 CRITICAL Uncaught Error: Call to a member function get_gallery_image_ids() on null in C:\strony\happydog\wp-content\themes\happydog\modules\blocks\product.php:7
Stack trace:
#0 C:\strony\happydog\wp-content\plugins\advanced-custom-fields-pro\pro\blocks.php(438): include()
#1 C:\strony\happydog\wp-content\plugins\advanced-custom-fields-pro\pro\blocks.php(367): acf_render_block(Array, '', false, false, Object(WP_Block), false)
#2 C:\strony\happydog\wp-content\plugins\advanced-custom-fields-pro\pro\blocks.php(328): acf_rendered_block(Array, '', false, false, Object(WP_Block))
#3 C:\strony\happydog\wp-includes\class-wp-block.php(255): acf_render_block_callback(Array, '', Object(WP_Block))
#4 C:\strony\happydog\wp-includes\blocks.php(901): WP_Block->render()
#5 C:\strony\happydog\wp-includes\blocks.php(939): render_block(Array)
#6 C:\strony\happydog\wp-includes\class-wp-hook.php(307): do_blocks('<!-- wp:acf/hea...')
#7 C:\strony\happydog\wp-includes\plugin.php(191): WP_Hook->apply_filters('<!-- wp:acf/hea...', Array)
#8 C: w C:\strony\happydog\wp-content\themes\happydog\modules\blocks\product.php w linii 7

2022-07-25T12:29:55+00:00 CRITICAL Uncaught Error: Call to a member function get_gallery_image_ids() on null in C:\strony\happydog\wp-content\themes\happydog\modules\blocks\product.php:7
Stack trace:
#0 C:\strony\happydog\wp-content\plugins\advanced-custom-fields-pro\pro\blocks.php(438): include()
#1 C:\strony\happydog\wp-content\plugins\advanced-custom-fields-pro\pro\blocks.php(367): acf_render_block(Array, '', false, 147, Object(WP_Block), Array)
#2 C:\strony\happydog\wp-content\plugins\advanced-custom-fields-pro\pro\blocks.php(328): acf_rendered_block(Array, '', false, 147, Object(WP_Block))
#3 C:\strony\happydog\wp-includes\class-wp-block.php(255): acf_render_block_callback(Array, '', Object(WP_Block))
#4 C:\strony\happydog\wp-includes\blocks.php(901): WP_Block->render()
#5 C:\strony\happydog\wp-includes\blocks.php(939): render_block(Array)
#6 C:\strony\happydog\wp-includes\class-wp-hook.php(307): do_blocks('<!-- wp:acf/hea...')
#7 C:\strony\happydog\wp-includes\plugin.php(191): WP_Hook->apply_filters('<!-- wp:acf/hea...', Array)
#8 C:\str w C:\strony\happydog\wp-content\themes\happydog\modules\blocks\product.php w linii 7

2022-07-25T12:54:16+00:00 CRITICAL Uncaught Error: Call to a member function get_image_id() on null in C:\strony\happydog\wp-content\themes\happydog\modules\blocks\product.php:7
Stack trace:
#0 C:\strony\happydog\wp-content\plugins\advanced-custom-fields-pro\pro\blocks.php(438): include()
#1 C:\strony\happydog\wp-content\plugins\advanced-custom-fields-pro\pro\blocks.php(367): acf_render_block(Array, '', false, 12, Object(WP_Block), Array)
#2 C:\strony\happydog\wp-content\plugins\advanced-custom-fields-pro\pro\blocks.php(328): acf_rendered_block(Array, '', false, 12, Object(WP_Block))
#3 C:\strony\happydog\wp-includes\class-wp-block.php(255): acf_render_block_callback(Array, '', Object(WP_Block))
#4 C:\strony\happydog\wp-includes\blocks.php(901): WP_Block->render()
#5 C:\strony\happydog\wp-includes\blocks.php(939): render_block(Array)
#6 C:\strony\happydog\wp-includes\class-wp-hook.php(307): do_blocks('<!-- wp:acf/hea...')
#7 C:\strony\happydog\wp-includes\plugin.php(191): WP_Hook->apply_filters('<!-- wp:acf/hea...', Array)
#8 C:\strony\happydo w C:\strony\happydog\wp-content\themes\happydog\modules\blocks\product.php w linii 7

2022-07-25T15:16:13+00:00 CRITICAL Uncaught Error: Call to a member function get_image_id() on null in C:\strony\happydog\wp-content\themes\happydog\modules\blocks\product.php:8
Stack trace:
#0 C:\strony\happydog\wp-content\plugins\advanced-custom-fields-pro\pro\blocks.php(438): include()
#1 C:\strony\happydog\wp-content\plugins\advanced-custom-fields-pro\pro\blocks.php(367): acf_render_block(Array, '', true, 147, Object(WP_Block), Array)
#2 C:\strony\happydog\wp-content\plugins\advanced-custom-fields-pro\pro\blocks.php(328): acf_rendered_block(Array, '', true, 147, Object(WP_Block))
#3 C:\strony\happydog\wp-includes\class-wp-block.php(255): acf_render_block_callback(Array, '', Object(WP_Block))
#4 C:\strony\happydog\wp-includes\blocks.php(901): WP_Block->render()
#5 C:\strony\happydog\wp-includes\blocks.php(939): render_block(Array)
#6 C:\strony\happydog\wp-includes\class-wp-hook.php(307): do_blocks('<!-- wp:acf/hea...')
#7 C:\strony\happydog\wp-includes\plugin.php(191): WP_Hook->apply_filters('<!-- wp:acf/hea...', Array)
#8 C:\strony\happydo w C:\strony\happydog\wp-content\themes\happydog\modules\blocks\product.php w linii 8

2022-07-25T15:16:38+00:00 CRITICAL Uncaught Error: Call to a member function get_image_id() on null in C:\strony\happydog\wp-content\themes\happydog\modules\blocks\product.php:8
Stack trace:
#0 C:\strony\happydog\wp-content\plugins\advanced-custom-fields-pro\pro\blocks.php(438): include()
#1 C:\strony\happydog\wp-content\plugins\advanced-custom-fields-pro\pro\blocks.php(367): acf_render_block(Array, '', true, 147, Object(WP_Block), Array)
#2 C:\strony\happydog\wp-content\plugins\advanced-custom-fields-pro\pro\blocks.php(328): acf_rendered_block(Array, '', true, 147, Object(WP_Block))
#3 C:\strony\happydog\wp-includes\class-wp-block.php(255): acf_render_block_callback(Array, '', Object(WP_Block))
#4 C:\strony\happydog\wp-includes\blocks.php(901): WP_Block->render()
#5 C:\strony\happydog\wp-includes\blocks.php(939): render_block(Array)
#6 C:\strony\happydog\wp-includes\class-wp-hook.php(307): do_blocks('<!-- wp:acf/hea...')
#7 C:\strony\happydog\wp-includes\plugin.php(191): WP_Hook->apply_filters('<!-- wp:acf/hea...', Array)
#8 C:\strony\happydo w C:\strony\happydog\wp-content\themes\happydog\modules\blocks\product.php w linii 8

2022-07-25T15:32:38+00:00 CRITICAL syntax error, unexpected '<', expecting end of file w C:\strony\happydog\wp-content\themes\happydog\modules\blocks\product.php w linii 104

